<?xml version="1.0" encoding="UTF-8"?>
<!-- Generated by org.testng.reporters.JUnitXMLReporter -->
<testsuite ignored="0" hostname="Arpits-MacBook-Pro.local" failures="0" tests="1" name="Default test(failed)" time="0.025" errors="0" timestamp="13 Jan 2022 09:07:56 GMT">
  <testcase classname="com.qa.test.DemoTest" name="@BeforeSuite intilaise" time="0.015">
    <failure type="java.lang.NullPointerException" message="Cannot invoke &amp;quot;org.openqa.selenium.WebDriver.manage()&amp;quot; because &amp;quot;com.qa.test.DemoTest.driver&amp;quot; is null">
      <![CDATA[java.lang.NullPointerException: Cannot invoke "org.openqa.selenium.WebDriver.manage()" because "com.qa.test.DemoTest.driver" is null
at com.qa.test.DemoTest.intilaise(DemoTest.java:66)
... Removed 20 stack frames]]>
    </failure>
  </testcase> <!-- @BeforeSuite intilaise -->
  <testcase classname="com.qa.test.DemoTest" name="@AfterTest close" time="0.0">
    <skipped/>
  </testcase> <!-- @AfterTest close -->
  <testcase classname="com.qa.test.Launch" name="LaunchBrowser" time="0.0">
    <skipped/>
  </testcase> <!-- LaunchBrowser -->
</testsuite> <!-- Default test(failed) -->
